<?xml version="1.0" encoding="UTF-8"?>
<!-- Generated by org.testng.reporters.JUnitReportReporter -->
<testsuite hostname="BALAJI" failures="0" tests="3" name="testngpractise.DataProviderDemo" time="0.021" errors="0" timestamp="2023-03-23T16:28:30 IST" skipped="0">
  <testcase classname="testngpractise.DataProviderDemo" name="testJob" time="0.007"/>
  <system-out>
    <![CDATA[Sony 1 4.5LPA]]>
  </system-out>
  <testcase classname="testngpractise.DataProviderDemo" name="testJob" time="0.003"/>
  <system-out>
    <![CDATA[Testyantra 3 No Salary]]>
  </system-out>
  <testcase classname="testngpractise.DataProviderDemo" name="testJob" time="0.011"/>
  <system-out>
    <![CDATA[Qspider 6 No Salary]]>
  </system-out>
</testsuite> <!-- testngpractise.DataProviderDemo -->
