<?xml version="1.0" encoding="UTF-8"?>
<!-- Generated by org.testng.reporters.JUnitReportReporter -->
<testsuite hostname="BALAJI" failures="0" tests="5" name="testngpractise.DataProviderFromExcel" time="0.031" errors="0" timestamp="2023-03-24T10:38:32 IST" skipped="0">
  <testcase classname="testngpractise.DataProviderFromExcel" name="getData" time="0.006"/>
  <system-out/>
  <testcase classname="testngpractise.DataProviderFromExcel" name="getData" time="0.014"/>
  <system-out/>
  <testcase classname="testngpractise.DataProviderFromExcel" name="getData" time="0.002"/>
  <system-out/>
  <testcase classname="testngpractise.DataProviderFromExcel" name="getData" time="0.002"/>
  <system-out/>
  <testcase classname="testngpractise.DataProviderFromExcel" name="getData" time="0.007"/>
  <system-out/>
</testsuite> <!-- testngpractise.DataProviderFromExcel -->
