<?xml version="1.0" encoding="UTF-8"?>
<!-- Generated by org.testng.reporters.JUnitReportReporter -->
<testsuite hostname="BALAJI" failures="0" tests="6" name="testngpractise.GetDataProviderFromExcelUtility" time="0.011" errors="0" timestamp="2023-03-27T13:08:17 IST" skipped="0">
  <testcase classname="testngpractise.GetDataProviderFromExcelUtility" name="getData" time="0.002"/>
  <system-out/>
  <testcase classname="testngpractise.GetDataProviderFromExcelUtility" name="getData" time="0.002"/>
  <system-out/>
  <testcase classname="testngpractise.GetDataProviderFromExcelUtility" name="getData" time="0.002"/>
  <system-out/>
  <testcase classname="testngpractise.GetDataProviderFromExcelUtility" name="getData" time="0.002"/>
  <system-out/>
  <testcase classname="testngpractise.GetDataProviderFromExcelUtility" name="getData" time="0.002"/>
  <system-out/>
  <testcase classname="testngpractise.GetDataProviderFromExcelUtility" name="getData" time="0.001"/>
  <system-out/>
</testsuite> <!-- testngpractise.GetDataProviderFromExcelUtility -->
