<?xml version="1.0" encoding="UTF-8"?>
<!-- Generated by org.testng.reporters.JUnitReportReporter -->
<testsuite hostname="BALAJI" failures="0" tests="5" name="practise.DemoOrder" time="0.019" errors="0" timestamp="2023-03-23T15:34:08 IST" skipped="0">
  <testcase classname="practise.DemoOrder" name="createOrder" time="0.011"/>
  <system-out>
    <![CDATA[Order Created]]>
  </system-out>
  <testcase classname="practise.DemoOrder" name="updateOrder" time="0.002"/>
  <system-out>
    <![CDATA[Order Updated]]>
  </system-out>
  <testcase classname="practise.DemoOrder" name="viewOrder" time="0.002"/>
  <system-out>
    <![CDATA[Your Ordered list]]>
  </system-out>
  <testcase classname="practise.DemoOrder" name="viewOrder" time="0.002"/>
  <system-out>
    <![CDATA[Your Ordered list]]>
  </system-out>
  <testcase classname="practise.DemoOrder" name="deleteOrder" time="0.002"/>
  <system-out>
    <![CDATA[Order Updated]]>
  </system-out>
</testsuite> <!-- practise.DemoOrder -->
