<?xml version="1.0" encoding="UTF-8"?>
<!-- Generated by org.testng.reporters.JUnitReportReporter -->
<testsuite hostname="BALAJI" failures="0" tests="2" name="testngpractise.DataReceiver" time="0.004" errors="0" timestamp="2023-03-27T12:02:41 IST" skipped="0">
  <testcase classname="testngpractise.DataReceiver" name="getData" time="0.002"/>
  <system-out/>
  <testcase classname="testngpractise.DataReceiver" name="getData" time="0.002"/>
  <system-out/>
</testsuite> <!-- testngpractise.DataReceiver -->
