<?xml version="1.0" encoding="UTF-8"?>
<!-- Generated by org.testng.reporters.JUnitReportReporter -->
<testsuite hostname="BALAJI" failures="0" tests="4" name="testngpractise.DemoOrder" time="0.022" errors="0" timestamp="2023-03-27T13:08:17 IST" skipped="0">
  <testcase classname="testngpractise.DemoOrder" name="createOrder" time="0.010"/>
  <system-out>
    <![CDATA[Order Created]]>
  </system-out>
  <testcase classname="testngpractise.DemoOrder" name="updateOrder" time="0.004"/>
  <system-out>
    <![CDATA[Order Updated]]>
  </system-out>
  <testcase classname="testngpractise.DemoOrder" name="viewOrder" time="0.004"/>
  <system-out>
    <![CDATA[Your Ordered list]]>
  </system-out>
  <testcase classname="testngpractise.DemoOrder" name="deleteOrder" time="0.004"/>
  <system-out>
    <![CDATA[Order Updated]]>
  </system-out>
</testsuite> <!-- testngpractise.DemoOrder -->
